[INFO] Scanning for projects...
[INFO] 
[INFO] ------------------------< com.example:backend >-------------------------
[INFO] Building backend 0.0.1-SNAPSHOT
[INFO]   from pom.xml
[INFO] --------------------------------[ jar ]---------------------------------
[INFO] 
[INFO] >>> spring-boot:4.0.0:run (default-cli) > test-compile @ backend >>>
[INFO] 
[INFO] --- resources:3.3.1:resources (default-resources) @ backend ---
[INFO] Copying 1 resource from src\main\resources to target\classes
[INFO] Copying 0 resource from src\main\resources to target\classes
[INFO] 
[INFO] --- compiler:3.14.1:compile (default-compile) @ backend ---
[INFO] Nothing to compile - all classes are up to date.
[INFO] 
[INFO] --- resources:3.3.1:testResources (default-testResources) @ backend ---
[INFO] skip non existing resourceDirectory C:\Users\junto\Documents\y1s1\calendar_app\backend\src\test\resources
[INFO] 
[INFO] --- compiler:3.14.1:testCompile (default-testCompile) @ backend ---
[INFO] Nothing to compile - all classes are up to date.
[INFO] 
[INFO] <<< spring-boot:4.0.0:run (default-cli) < test-compile @ backend <<<
[INFO] 
[INFO] 
[INFO] --- spring-boot:4.0.0:run (default-cli) @ backend ---
[INFO] Attaching agents: []

  .   ____          _            __ _ _
 /\\ / ___'_ __ _ _(_)_ __  __ _ \ \ \ \
( ( )\___ | '_ | '_| | '_ \/ _` | \ \ \ \
 \\/  ___)| |_)| | | | | || (_| |  ) ) ) )
  '  |____| .__|_| |_|_| |_\__, | / / / /
 =========|_|==============|___/=/_/_/_/

 :: Spring Boot ::                (v4.0.0)

2026-01-10T11:11:16.449+08:00  INFO 14252 --- [backend] [           main] com.example.backend.BackendApplication   : Starting BackendApplication using Java 25 with PID 14252 (C:\Users\junto\Documents\y1s1\calendar_app\backend\target\classes started by junto in C:\Users\junto\Documents\y1s1\calendar_app\backend)
2026-01-10T11:11:16.451+08:00 DEBUG 14252 --- [backend] [           main] com.example.backend.BackendApplication   : Running with Spring Boot v4.0.0, Spring v7.0.1
2026-01-10T11:11:16.452+08:00  INFO 14252 --- [backend] [           main] com.example.backend.BackendApplication   : No active profile set, falling back to 1 default profile: "default"
2026-01-10T11:11:17.486+08:00  INFO 14252 --- [backend] [           main] o.s.boot.tomcat.TomcatWebServer          : Tomcat initialized with port 8080 (http)
2026-01-10T11:11:17.505+08:00  INFO 14252 --- [backend] [           main] o.apache.catalina.core.StandardService   : Starting service [Tomcat]
2026-01-10T11:11:17.506+08:00  INFO 14252 --- [backend] [           main] o.apache.catalina.core.StandardEngine    : Starting Servlet engine: [Apache Tomcat/11.0.14]
2026-01-10T11:11:17.567+08:00  INFO 14252 --- [backend] [           main] b.w.c.s.WebApplicationContextInitializer : Root WebApplicationContext: initialization completed in 1050 ms
UserCsvService initialized. CSV Path: C:\Users\junto\Documents\y1s1\calendar_app\backend\csvFiles\users.csv
2026-01-10T11:11:17.935+08:00  INFO 14252 --- [backend] [           main] o.s.boot.tomcat.TomcatWebServer          : Tomcat started on port 8080 (http) with context path '/'
2026-01-10T11:11:17.960+08:00  INFO 14252 --- [backend] [           main] com.example.backend.BackendApplication   : Started BackendApplication in 2.059 seconds (process running for 2.444)
Terminate batch job (Y/N)? 